<?xml version="1.0" encoding="UTF-8"?>
<!-- Generated by org.testng.reporters.JUnitReportReporter -->
<testsuite skipped="0" hostname="LAPTOP-86VQD715" name="com.testng.Sample3" tests="2" failures="0" timestamp="13 Feb 2018 01:11:20 GMT" time="0.024" errors="0">
  <testcase name="fifthMethod" time="0.001" classname="com.testng.Sample3"/>
  <testcase name="sixthMethod" time="0.023" classname="com.testng.Sample3"/>
</testsuite> <!-- com.testng.Sample3 -->
