<?xml version="1.0" encoding="UTF-8"?>
<!-- Generated by org.testng.reporters.JUnitReportReporter -->
<testsuite skipped="0" hostname="LAPTOP-86VQD715" name="com.testng.Annotations" tests="3" failures="0" timestamp="15 Mar 2018 20:00:04 GMT" time="0.011" errors="0">
  <testcase name="testM3" time="0.000" classname="com.testng.Annotations"/>
  <testcase name="testM1" time="0.006" classname="com.testng.Annotations"/>
  <testcase name="testM2" time="0.005" classname="com.testng.Annotations"/>
</testsuite> <!-- com.testng.Annotations -->
