<?xml version="1.0" encoding="UTF-8"?>
<!-- Generated by org.testng.reporters.JUnitReportReporter -->
<testsuite skipped="0" hostname="LAPTOP-86VQD715" name="com.testng.DataProviderExample" tests="2" failures="0" timestamp="13 Feb 2018 02:18:27 GMT" time="0.011" errors="0">
  <testcase name="geturltitle" time="0.007" classname="com.testng.DataProviderExample"/>
  <testcase name="geturltitle" time="0.004" classname="com.testng.DataProviderExample"/>
</testsuite> <!-- com.testng.DataProviderExample -->
