<?xml version="1.0" encoding="UTF-8"?>
<!-- Generated by org.testng.reporters.JUnitReportReporter -->
<testsuite skipped="0" hostname="LAPTOP-86VQD715" name="com.testng.Sample" tests="5" failures="0" timestamp="13 Feb 2018 22:29:47 GMT" time="10.102" errors="0">
  <testcase name="firstMethod" time="0.000" classname="com.testng.Sample"/>
  <testcase name="mobileSignin" time="4.807" classname="com.testng.Sample"/>
  <testcase name="mobileSignout" time="0.001" classname="com.testng.Sample"/>
  <testcase name="secondMethod" time="0.003" classname="com.testng.Sample"/>
  <testcase name="credentials" time="5.291" classname="com.testng.Sample"/>
</testsuite> <!-- com.testng.Sample -->
