<?xml version="1.0" encoding="UTF-8"?>
<!-- Generated by org.testng.reporters.JUnitReportReporter -->
<testsuite skipped="0" hostname="LAPTOP-86VQD715" name="com.testng.Sample2" tests="2" failures="0" timestamp="13 Feb 2018 16:19:20 GMT" time="0.008" errors="0">
  <testcase name="apione" time="0.006" classname="com.testng.Sample2"/>
  <testcase name="apitwo" time="0.002" classname="com.testng.Sample2"/>
</testsuite> <!-- com.testng.Sample2 -->
