<?xml version="1.0" encoding="UTF-8"?>
<!-- Generated by org.testng.reporters.JUnitReportReporter -->
<testsuite skipped="0" hostname="LAPTOP-86VQD715" name="com.testng.Parameter1" tests="2" failures="0" timestamp="13 Feb 2018 01:32:19 GMT" time="0.008" errors="0">
  <testcase name="login" time="0.003" classname="com.testng.Parameter1"/>
  <testcase name="getTitle" time="0.005" classname="com.testng.Parameter1"/>
</testsuite> <!-- com.testng.Parameter1 -->
