<?xml version="1.0" encoding="UTF-8"?>
<!-- Generated by org.testng.reporters.JUnitReportReporter -->
<testsuite skipped="0" hostname="LAPTOP-86VQD715" name="com.testng.Sample4" tests="2" failures="0" timestamp="13 Feb 2018 16:19:20 GMT" time="0.002" errors="0">
  <testcase name="apithree" time="0.002" classname="com.testng.Sample4"/>
  <testcase name="apifour" time="0.000" classname="com.testng.Sample4"/>
</testsuite> <!-- com.testng.Sample4 -->
