<?xml version="1.0" encoding="UTF-8"?>
<!-- Generated by org.testng.reporters.JUnitReportReporter -->
<testsuite skipped="0" hostname="LAPTOP-86VQD715" name="com.testng.DDProperties" tests="1" failures="0" timestamp="13 Feb 2018 21:58:56 GMT" time="5.034" errors="0">
  <testcase name="credentials" time="5.034" classname="com.testng.DDProperties"/>
</testsuite> <!-- com.testng.DDProperties -->
