<?xml version="1.0" encoding="UTF-8"?>
<!-- Generated by org.testng.reporters.JUnitReportReporter -->
<testsuite skipped="0" hostname="LAPTOP-86VQD715" name="com.testng.Parameter2" tests="2" failures="0" timestamp="13 Feb 2018 01:32:19 GMT" time="0.003" errors="0">
  <testcase name="getTitle" time="0.001" classname="com.testng.Parameter2"/>
  <testcase name="signin" time="0.002" classname="com.testng.Parameter2"/>
</testsuite> <!-- com.testng.Parameter2 -->
